<?xml version="1.0" encoding="UTF-8"?>
<testsuite name="com.github.dorval.francois.composant.MainTest" tests="1" skipped="0" failures="0" errors="0" timestamp="2020-07-10T21:17:02" hostname="DESKTOP-7RMSL46" time="0.014">
  <properties/>
  <testcase name="testCasPassantBeteEtMechant" classname="com.github.dorval.francois.composant.MainTest" time="0.014"/>
  <system-out><![CDATA[]]></system-out>
  <system-err><![CDATA[]]></system-err>
</testsuite>
